<?xml version="1.0" encoding="UTF-8"?>
<testng-results ignored="0" total="1" passed="1" failed="0" skipped="0">
  <reporter-output>
    <line>
      <![CDATA[navigate to ipad page]]>
    </line>
    <line>
      <![CDATA[select the min 20000 price in filter features]]>
    </line>
  </reporter-output>
  <suite started-at="2023-03-02T21:32:03 PST" name="Default suite" finished-at="2023-03-02T21:33:17 PST" duration-ms="73730">
    <groups>
    </groups>
    <test started-at="2023-03-02T21:32:03 PST" name="Default test" finished-at="2023-03-02T21:33:17 PST" duration-ms="73730">
      <class name="com.flipKart.testScript">
        <test-method signature="testcase()[pri:0, instance:com.flipKart.testScript@4b0d79fc]" started-at="2023-03-02T21:32:03 PST" name="testcase" finished-at="2023-03-02T21:33:17 PST" duration-ms="73386" status="PASS">
          <reporter-output>
            <line>
              <![CDATA[navigate to ipad page]]>
            </line>
            <line>
              <![CDATA[select the min 20000 price in filter features]]>
            </line>
          </reporter-output>
        </test-method> <!-- testcase -->
      </class> <!-- com.flipKart.testScript -->
    </test> <!-- Default test -->
  </suite> <!-- Default suite -->
</testng-results>
